<?xml version="1.0" encoding="UTF-8"?>
<!-- Generated by org.testng.reporters.JUnitReportReporter -->
<testsuite skipped="0" hostname="Farrukhs-MacBook-Pro.local" name="PageObjectPattern.LoginApplication" tests="1" failures="0" timestamp="2020-08-10T14:40:46 EDT" time="9.919" errors="0">
  <testcase name="Login" time="9.919" classname="PageObjectPattern.LoginApplication"/>
  <system-out/>
</testsuite> <!-- PageObjectPattern.LoginApplication -->
