<?xml version="1.0" encoding="UTF-8"?>
<!-- Generated by org.testng.reporters.JUnitReportReporter -->
<testsuite skipped="0" hostname="Farrukhs-MBP.fios-router.home" name="seleniumTest.Project.day4TestNg" tests="3" failures="0" timestamp="2020-08-03T16:01:22 EDT" time="0.014" errors="0">
  <testcase name="LoginAPIHomeLoan" time="0.010" classname="seleniumTest.Project.day4TestNg"/>
  <system-out/>
  <testcase name="MobileLoginHomeLoan" time="0.002" classname="seleniumTest.Project.day4TestNg"/>
  <system-out/>
  <testcase name="WebloginHomeLoan" time="0.002" classname="seleniumTest.Project.day4TestNg"/>
  <system-out/>
</testsuite> <!-- seleniumTest.Project.day4TestNg -->
