<?xml version="1.0" encoding="UTF-8"?>
<!-- Generated by org.testng.reporters.JUnitReportReporter -->
<testsuite skipped="0" hostname="Farrukhs-MacBook-Pro.local" name="RestAssuredAutomation.TC001_GET_Request" tests="1" failures="0" timestamp="2020-09-07T11:16:46 EDT" time="1.887" errors="0">
  <testcase name="test_01" time="1.887" classname="RestAssuredAutomation.TC001_GET_Request"/>
  <system-out/>
</testsuite> <!-- RestAssuredAutomation.TC001_GET_Request -->
