<?xml version="1.0" encoding="UTF-8"?>
<!-- Generated by org.testng.reporters.JUnitReportReporter -->
<testsuite skipped="0" hostname="Farrukhs-MacBook-Pro.local" name="RestAssuredAutomation.TC003_POST_Register" tests="3" failures="0" timestamp="2020-09-07T11:53:48 EDT" time="2.952" errors="0">
  <testcase name="test_1_post" time="1.913" classname="RestAssuredAutomation.TC003_POST_Register"/>
  <system-out/>
  <testcase name="test_2_put" time="0.451" classname="RestAssuredAutomation.TC003_POST_Register"/>
  <system-out/>
  <testcase name="test_3_patch" time="0.588" classname="RestAssuredAutomation.TC003_POST_Register"/>
  <system-out/>
</testsuite> <!-- RestAssuredAutomation.TC003_POST_Register -->
