<?xml version="1.0" encoding="UTF-8"?>
<!-- Generated by org.testng.reporters.JUnitReportReporter -->
<testsuite skipped="0" hostname="Farrukhs-MBP.fios-router.home" name="seleniumTest.Project.day2TestNg" tests="1" failures="0" timestamp="2020-08-03T16:01:22 EDT" time="0.003" errors="0">
  <testcase name="ploan" time="0.003" classname="seleniumTest.Project.day2TestNg"/>
  <system-out/>
</testsuite> <!-- seleniumTest.Project.day2TestNg -->
