<?xml version="1.0" encoding="UTF-8"?>
<!-- Generated by org.testng.reporters.JUnitReportReporter -->
<testsuite skipped="0" hostname="Farrukhs-MacBook-Pro.local" name="PageObjectPattern.stepDefinition" tests="1" failures="0" timestamp="2020-08-10T17:42:05 EDT" time="9.850" errors="0">
  <testcase name="Login" time="9.850" classname="PageObjectPattern.stepDefinition"/>
  <system-out/>
</testsuite> <!-- PageObjectPattern.stepDefinition -->
