<?xml version="1.0" encoding="UTF-8"?>
<!-- Generated by org.testng.reporters.JUnitReportReporter -->
<testsuite skipped="0" hostname="Farrukhs-MacBook-Pro.local" name="RestAssuredAutomation.TC002_GET_Requests" tests="1" failures="0" timestamp="2020-09-07T11:33:52 EDT" time="2.800" errors="0">
  <testcase name="test_1" time="2.800" classname="RestAssuredAutomation.TC002_GET_Requests"/>
  <system-out/>
</testsuite> <!-- RestAssuredAutomation.TC002_GET_Requests -->
