<?xml version="1.0" encoding="UTF-8"?>
<!-- Generated by org.testng.reporters.JUnitReportReporter -->
<testsuite skipped="0" hostname="Farrukhs-MBP.fios-router.home" name="seleniumTest.Project.AppTest" tests="1" failures="0" timestamp="2020-08-03T14:32:31 EDT" time="0.008" errors="0">
  <testcase name="shouldAnswerWithTrue" time="0.008" classname="seleniumTest.Project.AppTest"/>
  <system-out/>
</testsuite> <!-- seleniumTest.Project.AppTest -->
