<?xml version="1.0" encoding="UTF-8"?>
<!-- Generated by org.testng.reporters.JUnitReportReporter -->
<testsuite skipped="0" hostname="Farrukhs-MacBook-Pro.local" name="RestAssuredAutomation.TC_002_GET_Requests" tests="1" failures="0" timestamp="2020-08-08T18:04:57 EDT" time="2.232" errors="0">
  <testcase name="test_1" time="2.232" classname="RestAssuredAutomation.TC_002_GET_Requests"/>
  <system-out/>
</testsuite> <!-- RestAssuredAutomation.TC_002_GET_Requests -->
